0 info it worked if it ends with ok
1 verbose cli [
1 verbose cli   '/usr/local/bin/node',
1 verbose cli   '/usr/local/bin/npm',
1 verbose cli   'install',
1 verbose cli   '--ignore-scripts',
1 verbose cli   '@types/accepts@ts3.6',
1 verbose cli   '@types/are-we-there-yet@ts3.6',
1 verbose cli   '@types/argparse@ts3.6',
1 verbose cli   '@types/asn1@ts3.6',
1 verbose cli   '@types/assert-plus@ts3.6',
1 verbose cli   '@types/autosize@ts3.6',
1 verbose cli   '@types/aws4@ts3.6',
1 verbose cli   '@types/babel-plugin-syntax-jsx@ts3.6',
1 verbose cli   '@types/balanced-match@ts3.6',
1 verbose cli   '@types/bent@ts3.6',
1 verbose cli   '@types/bindings@ts3.6',
1 verbose cli   '@types/body-parser@ts3.6',
1 verbose cli   '@types/brace-expansion@ts3.6',
1 verbose cli   '@types/buffer-crc32@ts3.6',
1 verbose cli   '@types/buffers@ts3.6',
1 verbose cli   '@types/byline@ts3.6',
1 verbose cli   '@types/bytes@ts3.6',
1 verbose cli   '@types/caseless@ts3.6',
1 verbose cli   '@types/checksum@ts3.6',
1 verbose cli   '@types/chownr@ts3.6',
1 verbose cli   '@types/color-convert@ts3.6',
1 verbose cli   '@types/color-name@ts3.6',
1 verbose cli   '@types/combined-stream@ts3.6',
1 verbose cli   '@types/concat-map@ts3.6',
1 verbose cli   '@types/content-disposition@ts3.6',
1 verbose cli   '@types/content-type@ts3.6',
1 verbose cli   '@types/cookie@ts3.6',
1 verbose cli   '@types/cookie-signature@ts3.6',
1 verbose cli   '@types/css-to-react-native@ts3.6',
1 verbose cli   '@types/dashdash@ts3.6',
1 verbose cli   '@types/debug@ts3.6',
1 verbose cli   '@types/decompress@ts3.6',
1 verbose cli   '@types/deep-extend@ts3.6',
1 verbose cli   '@types/delegates@ts3.6',
1 verbose cli   '@types/depd@ts3.6',
1 verbose cli   '@types/destroy@ts3.6',
1 verbose cli   '@types/detect-libc@ts3.6',
1 verbose cli   '@types/diff@ts3.6',
1 verbose cli   '@types/dir-glob@ts3.6',
1 verbose cli   '@types/dompurify@ts3.6',
1 verbose cli   '@types/drivelist@ts3.6',
1 verbose cli   '@types/ee-first@ts3.6',
1 verbose cli   '@types/encodeurl@ts3.6',
1 verbose cli   '@types/end-of-stream@ts3.6',
1 verbose cli   '@types/escape-html@ts3.6',
1 verbose cli   '@types/etag@ts3.6',
1 verbose cli   '@types/event-stream@ts3.6',
1 verbose cli   '@types/express@ts3.6',
1 verbose cli   '@types/extend@ts3.6',
1 verbose cli   '@types/extsprintf@ts3.6',
1 verbose cli   '@types/finalhandler@ts3.6',
1 verbose cli   '@types/forever-agent@ts3.6',
1 verbose cli   '@types/forwarded@ts3.6',
1 verbose cli   '@types/fresh@ts3.6',
1 verbose cli   '@types/from@ts3.6',
1 verbose cli   '@types/fs-extra@ts3.6',
1 verbose cli   '@types/fs-minipass@ts3.6',
1 verbose cli   '@types/gauge@ts3.6',
1 verbose cli   '@types/getpass@ts3.6',
1 verbose cli   '@types/glob@ts3.6',
1 verbose cli   '@types/graceful-fs@ts3.6',
1 verbose cli   '@types/http-errors@ts3.6',
1 verbose cli   '@types/imurmurhash@ts3.6',
1 verbose cli   '@types/inherits@ts3.6',
1 verbose cli   '@types/ini@ts3.6',
1 verbose cli   '@types/is-natural-number@ts3.6',
1 verbose cli   '@types/is-typedarray@ts3.6',
1 verbose cli   '@types/isarray@ts3.6',
1 verbose cli   '@types/isexe@ts3.6',
1 verbose cli   '@types/isstream@ts3.6',
1 verbose cli   '@types/jsbn@ts3.6',
1 verbose cli   '@types/json-schema@ts3.6',
1 verbose cli   '@types/json-stringify-safe@ts3.6',
1 verbose cli   '@types/jsonfile@ts3.6',
1 verbose cli   '@types/linkify-it@ts3.6',
1 verbose cli   '@types/lodash@ts3.6',
1 verbose cli   '@types/lodash.clonedeep@ts3.6',
1 verbose cli   '@types/lodash.debounce@ts3.6',
1 verbose cli   '@types/lodash.throttle@ts3.6',
1 verbose cli   '@types/markdown-it@ts3.6',
1 verbose cli   '@types/mdurl@ts3.6',
1 verbose cli   '@types/media-typer@ts3.6',
1 verbose cli   '@types/merge-descriptors@ts3.6',
1 verbose cli   '@types/methods@ts3.6',
1 verbose cli   '@types/mime@ts3.6',
1 verbose cli   '@types/mime-db@ts3.6',
1 verbose cli   '@types/mime-types@ts3.6',
1 verbose cli   '@types/minimist@ts3.6',
1 verbose cli   '@types/minizlib@ts3.6',
1 verbose cli   '@types/ms@ts3.6',
1 verbose cli   '@types/negotiator@ts3.6',
1 verbose cli   '@types/nested-error-stacks@ts3.6',
1 verbose cli   '@types/node-abi@ts3.6',
1 verbose cli   '@types/npmlog@ts3.6',
1 verbose cli   '@types/number-is-nan@ts3.6',
1 verbose cli   '@types/object-assign@ts3.6',
1 verbose cli   ... 77 more items
1 verbose cli ]
2 info using npm@6.14.6
3 info using node@v12.18.3
4 verbose npm-session 30a2a925c41b0eef
5 silly install loadCurrentTree
6 silly install readLocalPackageData
7 http fetch GET 304 https://registry.npmjs.org/@types%2fargparse 708ms (from cache)
8 http fetch GET 304 https://registry.npmjs.org/@types%2fassert-plus 704ms (from cache)
9 http fetch GET 304 https://registry.npmjs.org/@types%2fare-we-there-yet 718ms (from cache)
10 http fetch GET 304 https://registry.npmjs.org/@types%2fasn1 722ms (from cache)
11 silly pacote tag manifest for @types/assert-plus@ts3.6 fetched in 729ms
12 silly pacote tag manifest for @types/argparse@ts3.6 fetched in 741ms
13 silly pacote tag manifest for @types/are-we-there-yet@ts3.6 fetched in 746ms
14 silly pacote tag manifest for @types/asn1@ts3.6 fetched in 760ms
15 http fetch GET 304 https://registry.npmjs.org/@types%2fbalanced-match 719ms (from cache)
16 http fetch GET 304 https://registry.npmjs.org/@types%2faws4 748ms (from cache)
17 http fetch GET 304 https://registry.npmjs.org/@types%2faccepts 787ms (from cache)
18 http fetch GET 304 https://registry.npmjs.org/@types%2fbent 753ms (from cache)
19 silly pacote tag manifest for @types/balanced-match@ts3.6 fetched in 781ms
20 silly pacote tag manifest for @types/aws4@ts3.6 fetched in 794ms
21 silly pacote tag manifest for @types/accepts@ts3.6 fetched in 855ms
22 silly pacote tag manifest for @types/bent@ts3.6 fetched in 774ms
23 http fetch GET 304 https://registry.npmjs.org/@types%2fbody-parser 122ms (from cache)
24 silly pacote tag manifest for @types/body-parser@ts3.6 fetched in 128ms
25 http fetch GET 304 https://registry.npmjs.org/@types%2fbrace-expansion 133ms (from cache)
26 silly pacote tag manifest for @types/brace-expansion@ts3.6 fetched in 141ms
27 http fetch GET 304 https://registry.npmjs.org/@types%2fbuffer-crc32 167ms (from cache)
28 silly pacote tag manifest for @types/buffer-crc32@ts3.6 fetched in 175ms
29 http fetch GET 304 https://registry.npmjs.org/@types%2fbytes 135ms (from cache)
30 silly pacote tag manifest for @types/bytes@ts3.6 fetched in 139ms
31 http fetch GET 304 https://registry.npmjs.org/@types%2fcaseless 137ms (from cache)
32 silly pacote tag manifest for @types/caseless@ts3.6 fetched in 146ms
33 http fetch GET 304 https://registry.npmjs.org/@types%2fchownr 98ms (from cache)
34 silly pacote tag manifest for @types/chownr@ts3.6 fetched in 106ms
35 http fetch GET 304 https://registry.npmjs.org/@types%2fcolor-convert 110ms (from cache)
36 http fetch GET 304 https://registry.npmjs.org/@types%2fcolor-name 93ms (from cache)
37 silly pacote tag manifest for @types/color-convert@ts3.6 fetched in 118ms
38 silly pacote tag manifest for @types/color-name@ts3.6 fetched in 102ms
39 http fetch GET 304 https://registry.npmjs.org/@types%2fcombined-stream 120ms (from cache)
40 http fetch GET 304 https://registry.npmjs.org/@types%2fconcat-map 97ms (from cache)
41 silly pacote tag manifest for @types/combined-stream@ts3.6 fetched in 126ms
42 silly pacote tag manifest for @types/concat-map@ts3.6 fetched in 103ms
43 http fetch GET 304 https://registry.npmjs.org/@types%2fcontent-disposition 93ms (from cache)
44 http fetch GET 304 https://registry.npmjs.org/@types%2fcontent-type 88ms (from cache)
45 silly pacote tag manifest for @types/content-disposition@ts3.6 fetched in 99ms
46 silly pacote tag manifest for @types/content-type@ts3.6 fetched in 97ms
47 http fetch GET 304 https://registry.npmjs.org/@types%2fcookie 116ms (from cache)
48 silly pacote tag manifest for @types/cookie@ts3.6 fetched in 123ms
49 http fetch GET 304 https://registry.npmjs.org/@types%2fcookie-signature 126ms (from cache)
50 silly pacote tag manifest for @types/cookie-signature@ts3.6 fetched in 139ms
51 http fetch GET 304 https://registry.npmjs.org/@types%2fdashdash 101ms (from cache)
52 silly pacote tag manifest for @types/dashdash@ts3.6 fetched in 104ms
53 http fetch GET 304 https://registry.npmjs.org/@types%2fdebug 89ms (from cache)
54 silly pacote tag manifest for @types/debug@ts3.6 fetched in 95ms
55 http fetch GET 304 https://registry.npmjs.org/@types%2fdecompress 90ms (from cache)
56 silly pacote tag manifest for @types/decompress@ts3.6 fetched in 94ms
57 http fetch GET 304 https://registry.npmjs.org/@types%2fdeep-extend 93ms (from cache)
58 silly pacote tag manifest for @types/deep-extend@ts3.6 fetched in 97ms
59 http fetch GET 304 https://registry.npmjs.org/@types%2fdelegates 82ms (from cache)
60 silly registry:manifest no matching version for @types/delegates@ts3.6 in the cache. Forcing revalidation.
61 http fetch GET 304 https://registry.npmjs.org/@types%2fdepd 90ms (from cache)
62 silly pacote tag manifest for @types/depd@ts3.6 fetched in 94ms
63 http fetch GET 304 https://registry.npmjs.org/@types%2fdestroy 87ms (from cache)
64 silly pacote tag manifest for @types/destroy@ts3.6 fetched in 92ms
65 http fetch GET 304 https://registry.npmjs.org/@types%2fdetect-libc 89ms (from cache)
66 silly pacote tag manifest for @types/detect-libc@ts3.6 fetched in 94ms
67 http fetch GET 304 https://registry.npmjs.org/@types%2fdiff 102ms (from cache)
68 silly pacote tag manifest for @types/diff@ts3.6 fetched in 108ms
69 http fetch GET 304 https://registry.npmjs.org/@types%2fdir-glob 97ms (from cache)
70 silly pacote tag manifest for @types/dir-glob@ts3.6 fetched in 101ms
71 http fetch GET 304 https://registry.npmjs.org/@types%2fdompurify 95ms (from cache)
72 silly pacote tag manifest for @types/dompurify@ts3.6 fetched in 99ms
73 http fetch GET 304 https://registry.npmjs.org/@types%2fee-first 81ms (from cache)
74 silly pacote tag manifest for @types/ee-first@ts3.6 fetched in 84ms
75 http fetch GET 304 https://registry.npmjs.org/@types%2fencodeurl 78ms (from cache)
76 silly pacote tag manifest for @types/encodeurl@ts3.6 fetched in 81ms
77 http fetch GET 304 https://registry.npmjs.org/@types%2fend-of-stream 85ms (from cache)
78 silly pacote tag manifest for @types/end-of-stream@ts3.6 fetched in 90ms
79 http fetch GET 304 https://registry.npmjs.org/@types%2fescape-html 107ms (from cache)
80 http fetch GET 304 https://registry.npmjs.org/@types%2fautosize 2023ms (from cache)
81 silly pacote tag manifest for @types/escape-html@ts3.6 fetched in 113ms
82 silly pacote tag manifest for @types/autosize@ts3.6 fetched in 2030ms
83 http fetch GET 304 https://registry.npmjs.org/@types%2fbindings 1335ms (from cache)
84 silly pacote tag manifest for @types/bindings@ts3.6 fetched in 1341ms
85 http fetch GET 304 https://registry.npmjs.org/@types%2fetag 98ms (from cache)
86 http fetch GET 304 https://registry.npmjs.org/@types%2fevent-stream 98ms (from cache)
87 silly pacote tag manifest for @types/etag@ts3.6 fetched in 116ms
88 silly pacote tag manifest for @types/event-stream@ts3.6 fetched in 118ms
89 http fetch GET 304 https://registry.npmjs.org/@types%2fexpress 106ms (from cache)
90 silly pacote tag manifest for @types/express@ts3.6 fetched in 114ms
91 http fetch GET 304 https://registry.npmjs.org/@types%2fextend 90ms (from cache)
92 silly pacote tag manifest for @types/extend@ts3.6 fetched in 95ms
93 http fetch GET 304 https://registry.npmjs.org/@types%2fextsprintf 131ms (from cache)
94 silly pacote tag manifest for @types/extsprintf@ts3.6 fetched in 139ms
95 http fetch GET 304 https://registry.npmjs.org/@types%2ffinalhandler 124ms (from cache)
96 silly pacote tag manifest for @types/finalhandler@ts3.6 fetched in 129ms
97 http fetch GET 304 https://registry.npmjs.org/@types%2fforever-agent 107ms (from cache)
98 silly pacote tag manifest for @types/forever-agent@ts3.6 fetched in 112ms
99 http fetch GET 304 https://registry.npmjs.org/@types%2fchecksum 1561ms (from cache)
100 http fetch GET 304 https://registry.npmjs.org/@types%2fforwarded 133ms (from cache)
101 silly pacote tag manifest for @types/checksum@ts3.6 fetched in 1572ms
102 silly pacote tag manifest for @types/forwarded@ts3.6 fetched in 145ms
103 http fetch GET 304 https://registry.npmjs.org/@types%2ffresh 143ms (from cache)
104 silly pacote tag manifest for @types/fresh@ts3.6 fetched in 149ms
105 http fetch GET 304 https://registry.npmjs.org/@types%2ffs-extra 86ms (from cache)
106 silly pacote tag manifest for @types/fs-extra@ts3.6 fetched in 97ms
107 http fetch GET 304 https://registry.npmjs.org/@types%2fgauge 77ms (from cache)
108 silly registry:manifest no matching version for @types/gauge@ts3.6 in the cache. Forcing revalidation.
109 http fetch GET 304 https://registry.npmjs.org/@types%2fgetpass 82ms (from cache)
110 silly pacote tag manifest for @types/getpass@ts3.6 fetched in 89ms
111 http fetch GET 304 https://registry.npmjs.org/@types%2fcss-to-react-native 1520ms (from cache)
112 silly pacote tag manifest for @types/css-to-react-native@ts3.6 fetched in 1525ms
113 http fetch GET 304 https://registry.npmjs.org/@types%2fglob 71ms (from cache)
114 silly pacote tag manifest for @types/glob@ts3.6 fetched in 76ms
115 http fetch GET 304 https://registry.npmjs.org/@types%2fgraceful-fs 79ms (from cache)
116 silly pacote tag manifest for @types/graceful-fs@ts3.6 fetched in 88ms
117 http fetch GET 304 https://registry.npmjs.org/@types%2fhttp-errors 78ms (from cache)
118 silly pacote tag manifest for @types/http-errors@ts3.6 fetched in 83ms
119 http fetch GET 304 https://registry.npmjs.org/@types%2fimurmurhash 101ms (from cache)
120 silly pacote tag manifest for @types/imurmurhash@ts3.6 fetched in 122ms
121 http fetch GET 304 https://registry.npmjs.org/@types%2finherits 147ms (from cache)
122 silly pacote tag manifest for @types/inherits@ts3.6 fetched in 165ms
123 http fetch GET 304 https://registry.npmjs.org/@types%2fbabel-plugin-syntax-jsx 2949ms (from cache)
124 silly pacote tag manifest for @types/babel-plugin-syntax-jsx@ts3.6 fetched in 2962ms
125 http fetch GET 304 https://registry.npmjs.org/@types%2fini 124ms (from cache)
126 silly pacote tag manifest for @types/ini@ts3.6 fetched in 133ms
127 http fetch GET 304 https://registry.npmjs.org/@types%2fis-typedarray 98ms (from cache)
128 silly pacote tag manifest for @types/is-typedarray@ts3.6 fetched in 103ms
129 http fetch GET 304 https://registry.npmjs.org/@types%2fisarray 75ms (from cache)
130 silly pacote tag manifest for @types/isarray@ts3.6 fetched in 79ms
131 http fetch GET 304 https://registry.npmjs.org/@types%2fis-natural-number 161ms (from cache)
132 silly pacote tag manifest for @types/is-natural-number@ts3.6 fetched in 171ms
133 http fetch GET 304 https://registry.npmjs.org/@types%2fdrivelist 1517ms (from cache)
134 silly pacote tag manifest for @types/drivelist@ts3.6 fetched in 1521ms
135 http fetch GET 304 https://registry.npmjs.org/@types%2fbuffers 2365ms (from cache)
136 silly pacote tag manifest for @types/buffers@ts3.6 fetched in 2371ms
137 http fetch GET 304 https://registry.npmjs.org/@types%2fisstream 81ms (from cache)
138 silly pacote tag manifest for @types/isstream@ts3.6 fetched in 99ms
139 http fetch GET 304 https://registry.npmjs.org/@types%2fisexe 152ms (from cache)
140 http fetch GET 304 https://registry.npmjs.org/@types%2fjsbn 114ms (from cache)
141 silly pacote tag manifest for @types/isexe@ts3.6 fetched in 164ms
142 silly pacote tag manifest for @types/jsbn@ts3.6 fetched in 123ms
143 http fetch GET 304 https://registry.npmjs.org/@types%2fjson-schema 127ms (from cache)
144 silly pacote tag manifest for @types/json-schema@ts3.6 fetched in 134ms
145 http fetch GET 304 https://registry.npmjs.org/@types%2fbyline 2484ms (from cache)
146 silly pacote tag manifest for @types/byline@ts3.6 fetched in 2491ms
147 http fetch GET 304 https://registry.npmjs.org/@types%2fjson-stringify-safe 123ms (from cache)
148 http fetch GET 304 https://registry.npmjs.org/@types%2fjsonfile 107ms (from cache)
149 silly pacote tag manifest for @types/json-stringify-safe@ts3.6 fetched in 132ms
150 silly pacote tag manifest for @types/jsonfile@ts3.6 fetched in 117ms
151 http fetch GET 304 https://registry.npmjs.org/@types%2flinkify-it 98ms (from cache)
152 http fetch GET 304 https://registry.npmjs.org/@types%2flodash 95ms (from cache)
153 silly pacote tag manifest for @types/linkify-it@ts3.6 fetched in 115ms
154 silly pacote tag manifest for @types/lodash@ts3.6 fetched in 112ms
155 http fetch GET 304 https://registry.npmjs.org/@types%2flodash.clonedeep 108ms (from cache)
156 silly pacote tag manifest for @types/lodash.clonedeep@ts3.6 fetched in 114ms
157 http fetch GET 304 https://registry.npmjs.org/@types%2fmarkdown-it 78ms (from cache)
158 silly pacote tag manifest for @types/markdown-it@ts3.6 fetched in 84ms
159 http fetch GET 304 https://registry.npmjs.org/@types%2fmdurl 70ms (from cache)
160 silly pacote tag manifest for @types/mdurl@ts3.6 fetched in 73ms
161 http fetch GET 304 https://registry.npmjs.org/@types%2fmedia-typer 84ms (from cache)
162 silly pacote tag manifest for @types/media-typer@ts3.6 fetched in 86ms
163 http fetch GET 304 https://registry.npmjs.org/@types%2fmerge-descriptors 80ms (from cache)
164 silly pacote tag manifest for @types/merge-descriptors@ts3.6 fetched in 86ms
165 http fetch GET 304 https://registry.npmjs.org/@types%2fmethods 82ms (from cache)
166 silly pacote tag manifest for @types/methods@ts3.6 fetched in 86ms
167 http fetch GET 304 https://registry.npmjs.org/@types%2fmime 69ms (from cache)
168 silly pacote tag manifest for @types/mime@ts3.6 fetched in 73ms
169 http fetch GET 304 https://registry.npmjs.org/@types%2fmime-db 71ms (from cache)
170 silly pacote tag manifest for @types/mime-db@ts3.6 fetched in 74ms
171 http fetch GET 304 https://registry.npmjs.org/@types%2fminimist 69ms (from cache)
172 silly pacote tag manifest for @types/minimist@ts3.6 fetched in 72ms
173 http fetch GET 304 https://registry.npmjs.org/@types%2fminizlib 82ms (from cache)
174 silly pacote tag manifest for @types/minizlib@ts3.6 fetched in 87ms
175 http fetch GET 304 https://registry.npmjs.org/@types%2fnegotiator 79ms (from cache)
176 silly pacote tag manifest for @types/negotiator@ts3.6 fetched in 83ms
177 http fetch GET 304 https://registry.npmjs.org/@types%2flodash.debounce 370ms (from cache)
178 silly pacote tag manifest for @types/lodash.debounce@ts3.6 fetched in 374ms
179 http fetch GET 304 https://registry.npmjs.org/@types%2fnpmlog 125ms (from cache)
180 silly pacote tag manifest for @types/npmlog@ts3.6 fetched in 133ms
181 http fetch GET 200 https://registry.npmjs.org/@types%2fdelegates 2423ms
182 silly fetchPackageMetaData error for @types/delegates@ts3.6 No matching version found for @types/delegates@ts3.6.
183 http fetch GET 304 https://registry.npmjs.org/@types%2fobject-assign 90ms (from cache)
184 silly pacote tag manifest for @types/object-assign@ts3.6 fetched in 96ms
185 http fetch GET 304 https://registry.npmjs.org/@types%2fon-finished 74ms (from cache)
186 silly pacote tag manifest for @types/on-finished@ts3.6 fetched in 77ms
187 http fetch GET 304 https://registry.npmjs.org/@types%2fonce 81ms (from cache)
188 silly pacote tag manifest for @types/once@ts3.6 fetched in 85ms
189 http fetch GET 304 https://registry.npmjs.org/@types%2ffrom 2430ms (from cache)
190 http fetch GET 304 https://registry.npmjs.org/@types%2foniguruma 708ms (from cache)
191 silly pacote tag manifest for @types/from@ts3.6 fetched in 2443ms
192 silly pacote tag manifest for @types/oniguruma@ts3.6 fetched in 720ms
193 http fetch GET 304 https://registry.npmjs.org/@types%2ffs-minipass 2379ms (from cache)
194 silly registry:manifest no matching version for @types/fs-minipass@ts3.6 in the cache. Forcing revalidation.
195 http fetch GET 304 https://registry.npmjs.org/@types%2flodash.throttle 1542ms (from cache)
196 silly pacote tag manifest for @types/lodash.throttle@ts3.6 fetched in 1546ms
197 http fetch GET 304 https://registry.npmjs.org/@types%2foptimist 94ms (from cache)
198 http fetch GET 304 https://registry.npmjs.org/@types%2fos-homedir 91ms (from cache)
199 silly pacote tag manifest for @types/optimist@ts3.6 fetched in 100ms
200 silly pacote tag manifest for @types/os-homedir@ts3.6 fetched in 97ms
201 http fetch GET 200 https://registry.npmjs.org/@types%2ffs-minipass 85ms
202 silly fetchPackageMetaData error for @types/fs-minipass@ts3.6 No matching version found for @types/fs-minipass@ts3.6.
203 http fetch GET 304 https://registry.npmjs.org/@types%2fparseurl 81ms (from cache)
204 silly pacote tag manifest for @types/parseurl@ts3.6 fetched in 85ms
205 http fetch GET 304 https://registry.npmjs.org/@types%2fpath-is-absolute 87ms (from cache)
206 silly pacote tag manifest for @types/path-is-absolute@ts3.6 fetched in 99ms
207 http fetch GET 200 https://registry.npmjs.org/@types%2fgauge 2478ms
208 silly fetchPackageMetaData error for @types/gauge@ts3.6 No matching version found for @types/gauge@ts3.6.
209 http fetch GET 304 https://registry.npmjs.org/@types%2fpdfobject 133ms (from cache)
210 silly pacote tag manifest for @types/pdfobject@ts3.6 fetched in 150ms
211 http fetch GET 304 https://registry.npmjs.org/@types%2fprogress 132ms (from cache)
212 silly pacote tag manifest for @types/progress@ts3.6 fetched in 140ms
213 http fetch GET 304 https://registry.npmjs.org/@types%2fpify 187ms (from cache)
214 silly pacote tag manifest for @types/pify@ts3.6 fetched in 193ms
215 http fetch GET 304 https://registry.npmjs.org/@types%2fprop-types 114ms (from cache)
216 silly pacote tag manifest for @types/prop-types@ts3.6 fetched in 120ms
217 http fetch GET 304 https://registry.npmjs.org/@types%2fproxy-addr 122ms (from cache)
218 silly pacote tag manifest for @types/proxy-addr@ts3.6 fetched in 127ms
219 http fetch GET 304 https://registry.npmjs.org/@types%2fproxy-from-env 102ms (from cache)
220 silly pacote tag manifest for @types/proxy-from-env@ts3.6 fetched in 109ms
221 http fetch GET 304 https://registry.npmjs.org/@types%2fpsl 104ms (from cache)
222 silly pacote tag manifest for @types/psl@ts3.6 fetched in 108ms
223 http fetch GET 304 https://registry.npmjs.org/@types%2fpunycode 92ms (from cache)
224 silly pacote tag manifest for @types/punycode@ts3.6 fetched in 98ms
225 http fetch GET 304 https://registry.npmjs.org/@types%2fqs 101ms (from cache)
226 http fetch GET 304 https://registry.npmjs.org/@types%2fpump 148ms (from cache)
227 silly pacote tag manifest for @types/qs@ts3.6 fetched in 108ms
228 silly pacote tag manifest for @types/pump@ts3.6 fetched in 160ms
229 http fetch GET 304 https://registry.npmjs.org/@types%2frange-parser 98ms (from cache)
230 silly pacote tag manifest for @types/range-parser@ts3.6 fetched in 102ms
231 http fetch GET 304 https://registry.npmjs.org/@types%2frc 82ms (from cache)
232 silly pacote tag manifest for @types/rc@ts3.6 fetched in 86ms
233 http fetch GET 304 https://registry.npmjs.org/@types%2freact-dom 119ms (from cache)
234 silly pacote tag manifest for @types/react-dom@ts3.6 fetched in 141ms
235 http fetch GET 304 https://registry.npmjs.org/@types%2fnumber-is-nan 1645ms (from cache)
236 silly pacote tag manifest for @types/number-is-nan@ts3.6 fetched in 1662ms
237 http fetch GET 304 https://registry.npmjs.org/@types%2freact 199ms (from cache)
238 silly pacote tag manifest for @types/react@ts3.6 fetched in 226ms
239 http fetch GET 304 https://registry.npmjs.org/@types%2freact-is 186ms (from cache)
240 silly pacote tag manifest for @types/react-is@ts3.6 fetched in 194ms
241 http fetch GET 304 https://registry.npmjs.org/@types%2freact-lifecycles-compat 174ms (from cache)
242 silly pacote tag manifest for @types/react-lifecycles-compat@ts3.6 fetched in 182ms
243 http fetch GET 304 https://registry.npmjs.org/@types%2freact-virtualized 126ms (from cache)
244 silly pacote tag manifest for @types/react-virtualized@ts3.6 fetched in 133ms
245 http fetch GET 304 https://registry.npmjs.org/@types%2freadable-stream 119ms (from cache)
246 silly pacote tag manifest for @types/readable-stream@ts3.6 fetched in 124ms
247 http fetch GET 304 https://registry.npmjs.org/@types%2frequest 86ms (from cache)
248 silly pacote tag manifest for @types/request@ts3.6 fetched in 92ms
249 http fetch GET 304 https://registry.npmjs.org/@types%2frequire-directory 84ms (from cache)
250 silly pacote tag manifest for @types/require-directory@ts3.6 fetched in 92ms
251 http fetch GET 304 https://registry.npmjs.org/@types%2froute-parser 87ms (from cache)
252 silly pacote tag manifest for @types/route-parser@ts3.6 fetched in 92ms
253 http fetch GET 304 https://registry.npmjs.org/@types%2fsafer-buffer 89ms (from cache)
254 silly pacote tag manifest for @types/safer-buffer@ts3.6 fetched in 92ms
255 http fetch GET 304 https://registry.npmjs.org/@types%2fsanitize-html 70ms (from cache)
256 silly pacote tag manifest for @types/sanitize-html@ts3.6 fetched in 75ms
257 http fetch GET 304 https://registry.npmjs.org/@types%2fscheduler 94ms (from cache)
258 silly pacote tag manifest for @types/scheduler@ts3.6 fetched in 100ms
259 http fetch GET 304 https://registry.npmjs.org/@types%2fps-tree 710ms (from cache)
260 silly pacote tag manifest for @types/ps-tree@ts3.6 fetched in 718ms
261 http fetch GET 304 https://registry.npmjs.org/@types%2fsemver 104ms (from cache)
262 silly pacote tag manifest for @types/semver@ts3.6 fetched in 114ms
263 http fetch GET 304 https://registry.npmjs.org/@types%2fsend 94ms (from cache)
264 silly pacote tag manifest for @types/send@ts3.6 fetched in 100ms
265 http fetch GET 304 https://registry.npmjs.org/@types%2fmime-types 2402ms (from cache)
266 silly pacote tag manifest for @types/mime-types@ts3.6 fetched in 2414ms
267 http fetch GET 304 https://registry.npmjs.org/@types%2fserve-static 114ms (from cache)
268 http fetch GET 304 https://registry.npmjs.org/@types%2fms 2388ms (from cache)
269 silly pacote tag manifest for @types/serve-static@ts3.6 fetched in 129ms
270 silly pacote tag manifest for @types/ms@ts3.6 fetched in 2399ms
271 http fetch GET 304 https://registry.npmjs.org/@types%2fset-blocking 172ms (from cache)
272 silly registry:manifest no matching version for @types/set-blocking@ts3.6 in the cache. Forcing revalidation.
273 http fetch GET 304 https://registry.npmjs.org/@types%2fsignal-exit 145ms (from cache)
274 silly pacote tag manifest for @types/signal-exit@ts3.6 fetched in 160ms
275 http fetch GET 304 https://registry.npmjs.org/@types%2fnested-error-stacks 2429ms (from cache)
276 silly pacote tag manifest for @types/nested-error-stacks@ts3.6 fetched in 2444ms
277 http fetch GET 304 https://registry.npmjs.org/@types%2fsprintf 159ms (from cache)
278 http fetch GET 304 https://registry.npmjs.org/@types%2fnode-abi 2436ms (from cache)
279 silly pacote tag manifest for @types/sprintf@ts3.6 fetched in 171ms
280 silly pacote tag manifest for @types/node-abi@ts3.6 fetched in 2449ms
281 http fetch GET 304 https://registry.npmjs.org/@types%2fsprintf-js 173ms (from cache)
282 http fetch GET 200 https://registry.npmjs.org/@types%2fset-blocking 127ms
283 silly fetchPackageMetaData error for @types/set-blocking@ts3.6 No matching version found for @types/set-blocking@ts3.6.
284 silly pacote tag manifest for @types/sprintf-js@ts3.6 fetched in 194ms
285 http fetch GET 304 https://registry.npmjs.org/@types%2fstatuses 97ms (from cache)
286 silly pacote tag manifest for @types/statuses@ts3.6 fetched in 101ms
287 http fetch GET 304 https://registry.npmjs.org/@types%2fstyled-components 78ms (from cache)
288 silly pacote tag manifest for @types/styled-components@ts3.6 fetched in 87ms
289 http fetch GET 304 https://registry.npmjs.org/@types%2fsupports-color 94ms (from cache)
290 silly pacote tag manifest for @types/supports-color@ts3.6 fetched in 112ms
291 http fetch GET 304 https://registry.npmjs.org/@types%2ftar 119ms (from cache)
292 http fetch GET 304 https://registry.npmjs.org/@types%2ftar-stream 108ms (from cache)
293 silly pacote tag manifest for @types/tar@ts3.6 fetched in 140ms
294 silly pacote tag manifest for @types/tar-stream@ts3.6 fetched in 118ms
295 http fetch GET 304 https://registry.npmjs.org/@types%2fthrough 106ms (from cache)
296 silly pacote tag manifest for @types/through@ts3.6 fetched in 112ms
297 http fetch GET 304 https://registry.npmjs.org/@types%2ftoidentifier 103ms (from cache)
298 silly registry:manifest no matching version for @types/toidentifier@ts3.6 in the cache. Forcing revalidation.
299 http fetch GET 304 https://registry.npmjs.org/@types%2ftough-cookie 127ms (from cache)
300 http fetch GET 304 https://registry.npmjs.org/@types%2ftraverse 128ms (from cache)
301 silly pacote tag manifest for @types/tough-cookie@ts3.6 fetched in 136ms
302 silly pacote tag manifest for @types/traverse@ts3.6 fetched in 138ms
303 http fetch GET 304 https://registry.npmjs.org/@types%2ftype-is 118ms (from cache)
304 silly pacote tag manifest for @types/type-is@ts3.6 fetched in 126ms
305 http fetch GET 200 https://registry.npmjs.org/@types%2ftoidentifier 107ms
306 silly fetchPackageMetaData error for @types/toidentifier@ts3.6 No matching version found for @types/toidentifier@ts3.6.
307 http fetch GET 304 https://registry.npmjs.org/@types%2fuser-home 81ms (from cache)
308 silly pacote tag manifest for @types/user-home@ts3.6 fetched in 91ms
309 http fetch GET 304 https://registry.npmjs.org/@types%2funiversalify 127ms (from cache)
310 silly pacote tag manifest for @types/universalify@ts3.6 fetched in 131ms
311 http fetch GET 304 https://registry.npmjs.org/@types%2futil-deprecate 108ms (from cache)
312 silly pacote tag manifest for @types/util-deprecate@ts3.6 fetched in 124ms
313 http fetch GET 304 https://registry.npmjs.org/@types%2futils-merge 149ms (from cache)
314 silly pacote tag manifest for @types/utils-merge@ts3.6 fetched in 161ms
315 http fetch GET 304 https://registry.npmjs.org/@types%2fuuid 96ms (from cache)
316 silly pacote tag manifest for @types/uuid@ts3.6 fetched in 103ms
317 http fetch GET 304 https://registry.npmjs.org/@types%2fvary 75ms (from cache)
318 silly pacote tag manifest for @types/vary@ts3.6 fetched in 83ms
319 http fetch GET 304 https://registry.npmjs.org/@types%2fverror 70ms (from cache)
320 silly pacote tag manifest for @types/verror@ts3.6 fetched in 75ms
321 http fetch GET 304 https://registry.npmjs.org/@types%2fvhost 66ms (from cache)
322 silly pacote tag manifest for @types/vhost@ts3.6 fetched in 70ms
323 http fetch GET 304 https://registry.npmjs.org/@types%2fwhich 69ms (from cache)
324 silly pacote tag manifest for @types/which@ts3.6 fetched in 73ms
325 http fetch GET 304 https://registry.npmjs.org/@types%2fwhich-pm-runs 82ms (from cache)
326 silly pacote tag manifest for @types/which-pm-runs@ts3.6 fetched in 87ms
327 http fetch GET 304 https://registry.npmjs.org/@types%2fregenerator-runtime 1519ms (from cache)
328 silly pacote tag manifest for @types/regenerator-runtime@ts3.6 fetched in 1523ms
329 http fetch GET 304 https://registry.npmjs.org/@types%2fwordwrap 71ms (from cache)
330 silly pacote tag manifest for @types/wordwrap@ts3.6 fetched in 74ms
331 http fetch GET 304 https://registry.npmjs.org/@types%2fws 72ms (from cache)
332 silly pacote tag manifest for @types/ws@ts3.6 fetched in 78ms
333 http fetch GET 304 https://registry.npmjs.org/@types%2fxtend 73ms (from cache)
334 silly pacote tag manifest for @types/xtend@ts3.6 fetched in 77ms
335 http fetch GET 304 https://registry.npmjs.org/@types%2fyallist 72ms (from cache)
336 silly pacote tag manifest for @types/yallist@ts3.6 fetched in 76ms
337 http fetch GET 304 https://registry.npmjs.org/@types%2fshowdown 1580ms (from cache)
338 silly pacote tag manifest for @types/showdown@ts3.6 fetched in 1597ms
339 http fetch GET 304 https://registry.npmjs.org/@types%2fyargs 125ms (from cache)
340 silly pacote tag manifest for @types/yargs@ts3.6 fetched in 133ms
341 http fetch GET 304 https://registry.npmjs.org/@types%2fyauzl 77ms (from cache)
342 silly pacote tag manifest for @types/yauzl@ts3.6 fetched in 81ms
343 http fetch GET 304 https://registry.npmjs.org/@types%2fsshpk 1525ms (from cache)
344 silly pacote tag manifest for @types/sshpk@ts3.6 fetched in 1529ms
345 http fetch GET 304 https://registry.npmjs.org/@types%2frequestretry 2544ms (from cache)
346 silly pacote tag manifest for @types/requestretry@ts3.6 fetched in 2548ms
347 http fetch GET 304 https://registry.npmjs.org/@types%2fsplit 2399ms (from cache)
348 silly pacote tag manifest for @types/split@ts3.6 fetched in 2406ms
349 http fetch GET 304 https://registry.npmjs.org/@types%2ftar-fs 2383ms (from cache)
350 silly pacote tag manifest for @types/tar-fs@ts3.6 fetched in 2389ms
351 http fetch GET 304 https://registry.npmjs.org/@types%2fwrap-ansi 1547ms (from cache)
352 silly pacote tag manifest for @types/wrap-ansi@ts3.6 fetched in 1554ms
353 http fetch GET 304 https://registry.npmjs.org/@types%2funzip-stream 2441ms (from cache)
354 silly pacote tag manifest for @types/unzip-stream@ts3.6 fetched in 2450ms
355 http fetch GET 304 https://registry.npmjs.org/@types%2funbzip2-stream 2513ms (from cache)
356 silly registry:manifest no matching version for @types/unbzip2-stream@ts3.6 in the cache. Forcing revalidation.
357 http fetch GET 304 https://registry.npmjs.org/@types%2fwhen 2513ms (from cache)
358 silly pacote tag manifest for @types/when@ts3.6 fetched in 2520ms
359 http fetch GET 200 https://registry.npmjs.org/@types%2funbzip2-stream 2468ms
360 silly fetchPackageMetaData error for @types/unbzip2-stream@ts3.6 No matching version found for @types/unbzip2-stream@ts3.6.
361 timing stage:rollbackFailedOptional Completed in 6ms
362 timing stage:runTopLevelLifecycles Completed in 11677ms
363 verbose type tag
364 verbose stack @types/delegates: No matching version found for @types/delegates@ts3.6.
364 verbose stack     at pickManifest (/usr/local/lib/node_modules/npm/node_modules/npm-pick-manifest/index.js:122:13)
364 verbose stack     at /usr/local/lib/node_modules/npm/node_modules/pacote/lib/fetchers/registry/manifest.js:43:18
364 verbose stack     at tryCatcher (/usr/local/lib/node_modules/npm/node_modules/bluebird/js/release/util.js:16:23)
364 verbose stack     at Promise._settlePromiseFromHandler (/usr/local/lib/node_modules/npm/node_modules/bluebird/js/release/promise.js:517:31)
364 verbose stack     at Promise._settlePromise (/usr/local/lib/node_modules/npm/node_modules/bluebird/js/release/promise.js:574:18)
364 verbose stack     at Promise._settlePromise0 (/usr/local/lib/node_modules/npm/node_modules/bluebird/js/release/promise.js:619:10)
364 verbose stack     at Promise._settlePromises (/usr/local/lib/node_modules/npm/node_modules/bluebird/js/release/promise.js:699:18)
364 verbose stack     at _drainQueueStep (/usr/local/lib/node_modules/npm/node_modules/bluebird/js/release/async.js:138:12)
364 verbose stack     at _drainQueue (/usr/local/lib/node_modules/npm/node_modules/bluebird/js/release/async.js:131:9)
364 verbose stack     at Async._drainQueues (/usr/local/lib/node_modules/npm/node_modules/bluebird/js/release/async.js:147:5)
364 verbose stack     at Immediate.Async.drainQueues [as _onImmediate] (/usr/local/lib/node_modules/npm/node_modules/bluebird/js/release/async.js:17:14)
364 verbose stack     at processImmediate (internal/timers.js:456:21)
365 verbose cwd /home/theia/.cache/typescript/3.6
366 verbose Linux 5.15.49-linuxkit
367 verbose argv "/usr/local/bin/node" "/usr/local/bin/npm" "install" "--ignore-scripts" "@types/accepts@ts3.6" "@types/are-we-there-yet@ts3.6" "@types/argparse@ts3.6" "@types/asn1@ts3.6" "@types/assert-plus@ts3.6" "@types/autosize@ts3.6" "@types/aws4@ts3.6" "@types/babel-plugin-syntax-jsx@ts3.6" "@types/balanced-match@ts3.6" "@types/bent@ts3.6" "@types/bindings@ts3.6" "@types/body-parser@ts3.6" "@types/brace-expansion@ts3.6" "@types/buffer-crc32@ts3.6" "@types/buffers@ts3.6" "@types/byline@ts3.6" "@types/bytes@ts3.6" "@types/caseless@ts3.6" "@types/checksum@ts3.6" "@types/chownr@ts3.6" "@types/color-convert@ts3.6" "@types/color-name@ts3.6" "@types/combined-stream@ts3.6" "@types/concat-map@ts3.6" "@types/content-disposition@ts3.6" "@types/content-type@ts3.6" "@types/cookie@ts3.6" "@types/cookie-signature@ts3.6" "@types/css-to-react-native@ts3.6" "@types/dashdash@ts3.6" "@types/debug@ts3.6" "@types/decompress@ts3.6" "@types/deep-extend@ts3.6" "@types/delegates@ts3.6" "@types/depd@ts3.6" "@types/destroy@ts3.6" "@types/detect-libc@ts3.6" "@types/diff@ts3.6" "@types/dir-glob@ts3.6" "@types/dompurify@ts3.6" "@types/drivelist@ts3.6" "@types/ee-first@ts3.6" "@types/encodeurl@ts3.6" "@types/end-of-stream@ts3.6" "@types/escape-html@ts3.6" "@types/etag@ts3.6" "@types/event-stream@ts3.6" "@types/express@ts3.6" "@types/extend@ts3.6" "@types/extsprintf@ts3.6" "@types/finalhandler@ts3.6" "@types/forever-agent@ts3.6" "@types/forwarded@ts3.6" "@types/fresh@ts3.6" "@types/from@ts3.6" "@types/fs-extra@ts3.6" "@types/fs-minipass@ts3.6" "@types/gauge@ts3.6" "@types/getpass@ts3.6" "@types/glob@ts3.6" "@types/graceful-fs@ts3.6" "@types/http-errors@ts3.6" "@types/imurmurhash@ts3.6" "@types/inherits@ts3.6" "@types/ini@ts3.6" "@types/is-natural-number@ts3.6" "@types/is-typedarray@ts3.6" "@types/isarray@ts3.6" "@types/isexe@ts3.6" "@types/isstream@ts3.6" "@types/jsbn@ts3.6" "@types/json-schema@ts3.6" "@types/json-stringify-safe@ts3.6" "@types/jsonfile@ts3.6" "@types/linkify-it@ts3.6" "@types/lodash@ts3.6" "@types/lodash.clonedeep@ts3.6" "@types/lodash.debounce@ts3.6" "@types/lodash.throttle@ts3.6" "@types/markdown-it@ts3.6" "@types/mdurl@ts3.6" "@types/media-typer@ts3.6" "@types/merge-descriptors@ts3.6" "@types/methods@ts3.6" "@types/mime@ts3.6" "@types/mime-db@ts3.6" "@types/mime-types@ts3.6" "@types/minimist@ts3.6" "@types/minizlib@ts3.6" "@types/ms@ts3.6" "@types/negotiator@ts3.6" "@types/nested-error-stacks@ts3.6" "@types/node-abi@ts3.6" "@types/npmlog@ts3.6" "@types/number-is-nan@ts3.6" "@types/object-assign@ts3.6" "@types/on-finished@ts3.6" "@types/once@ts3.6" "@types/oniguruma@ts3.6" "@types/optimist@ts3.6" "@types/os-homedir@ts3.6" "@types/parseurl@ts3.6" "@types/path-is-absolute@ts3.6" "@types/pdfobject@ts3.6" "@types/pify@ts3.6" "@types/progress@ts3.6" "@types/prop-types@ts3.6" "@types/proxy-addr@ts3.6" "@types/proxy-from-env@ts3.6" "@types/ps-tree@ts3.6" "@types/psl@ts3.6" "@types/pump@ts3.6" "@types/punycode@ts3.6" "@types/qs@ts3.6" "@types/range-parser@ts3.6" "@types/rc@ts3.6" "@types/react@ts3.6" "@types/react-dom@ts3.6" "@types/react-is@ts3.6" "@types/react-lifecycles-compat@ts3.6" "@types/react-virtualized@ts3.6" "@types/readable-stream@ts3.6" "@types/regenerator-runtime@ts3.6" "@types/request@ts3.6" "@types/requestretry@ts3.6" "@types/require-directory@ts3.6" "@types/route-parser@ts3.6" "@types/safer-buffer@ts3.6" "@types/sanitize-html@ts3.6" "@types/scheduler@ts3.6" "@types/semver@ts3.6" "@types/send@ts3.6" "@types/serve-static@ts3.6" "@types/set-blocking@ts3.6" "@types/showdown@ts3.6" "@types/signal-exit@ts3.6" "@types/split@ts3.6" "@types/sprintf@ts3.6" "@types/sprintf-js@ts3.6" "@types/sshpk@ts3.6" "@types/statuses@ts3.6" "@types/styled-components@ts3.6" "@types/supports-color@ts3.6" "@types/tar@ts3.6" "@types/tar-fs@ts3.6" "@types/tar-stream@ts3.6" "@types/through@ts3.6" "@types/toidentifier@ts3.6" "@types/tough-cookie@ts3.6" "@types/traverse@ts3.6" "@types/type-is@ts3.6" "@types/unbzip2-stream@ts3.6" "@types/universalify@ts3.6" "@types/unzip-stream@ts3.6" "@types/user-home@ts3.6" "@types/util-deprecate@ts3.6" "@types/utils-merge@ts3.6" "@types/uuid@ts3.6" "@types/vary@ts3.6" "@types/verror@ts3.6" "@types/vhost@ts3.6" "@types/when@ts3.6" "@types/which@ts3.6" "@types/which-pm-runs@ts3.6" "@types/wordwrap@ts3.6" "@types/wrap-ansi@ts3.6" "@types/ws@ts3.6" "@types/xtend@ts3.6" "@types/yallist@ts3.6" "@types/yargs@ts3.6" "@types/yauzl@ts3.6" "--save-dev" "--user-agent=typesInstaller/3.6.3"
368 verbose node v12.18.3
369 verbose npm  v6.14.6
370 error code ETARGET
371 error notarget No matching version found for @types/delegates@ts3.6.
372 error notarget In most cases you or one of your dependencies are requesting
372 error notarget a package version that doesn't exist.
373 verbose exit [ 1, true ]
